Unity Editor version:    6000.0.41f1 (46e447368a18)
Branch:                  6000.0/staging
Build type:              Release
Batch mode:              YES
macOS version:           Version 15.3.2 (Build 24D81)
Darwin version:          24.3.0
Architecture:            arm64
Running under Rosetta:   NO
Available memory:        16384 MB
Using pre-set license
Pro License: YES

COMMAND LINE ARGUMENTS:
/Applications/Unity/Hub/Editor/6000.0.41f1/Unity.app/Contents/MacOS/Unity
-adb2
-batchMode
-noUpm
-name
AssetImportWorker0
-projectPath
/Users/gimsechan/Desktop/kimunity/SW-EducationFestival
-logFile
Logs/AssetImportWorker0.log
-srvPort
63789
-job-worker-count
4
-background-job-worker-count
8
-gc-helper-count
1
Successfully changed project path to: /Users/gimsechan/Desktop/kimunity/SW-EducationFestival
/Users/gimsechan/Desktop/kimunity/SW-EducationFestival
[UnityMemory] Configuration Parameters - Can be set up in boot.config
    "memorysetup-bucket-allocator-granularity=16"
    "memorysetup-bucket-allocator-bucket-count=8"
    "memorysetup-bucket-allocator-block-size=33554432"
    "memorysetup-bucket-allocator-block-count=8"
    "memorysetup-main-allocator-block-size=16777216"
    "memorysetup-thread-allocator-block-size=16777216"
    "memorysetup-gfx-main-allocator-block-size=16777216"
    "memorysetup-gfx-thread-allocator-block-size=16777216"
    "memorysetup-cache-allocator-block-size=4194304"
    "memorysetup-typetree-allocator-block-size=2097152"
    "memorysetup-profiler-bucket-allocator-granularity=16"
    "memorysetup-profiler-bucket-allocator-bucket-count=8"
    "memorysetup-profiler-bucket-allocator-block-size=33554432"
    "memorysetup-profiler-bucket-allocator-block-count=8"
    "memorysetup-profiler-allocator-block-size=16777216"
    "memorysetup-profiler-editor-allocator-block-size=1048576"
    "memorysetup-temp-allocator-size-main=16777216"
    "memorysetup-job-temp-allocator-block-size=2097152"
    "memorysetup-job-temp-allocator-block-size-background=1048576"
    "memorysetup-job-temp-allocator-reduction-small-platforms=262144"
    "memorysetup-allocator-temp-initial-block-size-main=262144"
    "memorysetup-allocator-temp-initial-block-size-worker=262144"
    "memorysetup-temp-allocator-size-background-worker=32768"
    "memorysetup-temp-allocator-size-job-worker=262144"
    "memorysetup-temp-allocator-size-preload-manager=33554432"
    "memorysetup-temp-allocator-size-nav-mesh-worker=65536"
    "memorysetup-temp-allocator-size-audio-worker=65536"
    "memorysetup-temp-allocator-size-cloud-worker=32768"
    "memorysetup-temp-allocator-size-gi-baking-worker=262144"
    "memorysetup-temp-allocator-size-gi-baking-worker=262144"
    "memorysetup-temp-allocator-size-gi-baking-worker=262144"
    "memorysetup-temp-allocator-size-gi-baking-worker=262144"
    "memorysetup-temp-allocator-size-gi-baking-worker=262144"
    "memorysetup-temp-allocator-size-gfx=262144"
Player connection [8229210176]  Target information:

Player connection [8229210176]  * "[IP] 127.0.2.2 [Port] 0 [Flags] 2 [Guid] 1322073330 [EditorId] 1322073330 [Version] 1048832 [Id] OSXEditor(0,gimsechan-ui-MacBookPro.local) [Debug] 1 [PackageName] OSXEditor [ProjectName] Editor" 

Player connection [8229210176]  * "[IP] 127.0.2.3 [Port] 0 [Flags] 2 [Guid] 1322073330 [EditorId] 1322073330 [Version] 1048832 [Id] OSXEditor(0,gimsechan-ui-MacBookPro.local) [Debug] 1 [PackageName] OSXEditor [ProjectName] Editor" 

Player connection [8229210176]  * "[IP] 172.28.16.121 [Port] 0 [Flags] 2 [Guid] 1322073330 [EditorId] 1322073330 [Version] 1048832 [Id] OSXEditor(0,gimsechan-ui-MacBookPro.local) [Debug] 1 [PackageName] OSXEditor [ProjectName] Editor" 

Player connection [8229210176]  * "[IP] 172.16.0.2 [Port] 0 [Flags] 2 [Guid] 1322073330 [EditorId] 1322073330 [Version] 1048832 [Id] OSXEditor(0,gimsechan-ui-MacBookPro.local) [Debug] 1 [PackageName] OSXEditor [ProjectName] Editor" 

Player connection [8229210176] Host joined multi-casting on [225.0.0.222:54997]...
Player connection [8229210176] Host joined alternative multi-casting on [225.0.0.222:34997]...
JobSystem: Creating JobQueue using job-worker-count value 4
Input System module state changed to: Initialized.
[Physics::Module] Initialized fallback backend.
[Physics::Module] Id: 0xdecafbad
Library Redirect Path: Library/
[Physics::Module] Selected backend.
[Physics::Module] Name: PhysX
[Physics::Module] Id: 0xf2b8ea05
[Physics::Module] SDK Version: 4.1.2
[Physics::Module] Integration Version: 1.0.0
[Physics::Module] Threading Mode: Multi-Threaded
Refreshing native plugins compatible for Editor in 5.44 ms, found 4 plugins.
Preloading 0 native plugins for Editor in 0.00 ms.
Initialize engine version: 6000.0.41f1 (46e447368a18)
[Subsystems] Discovering subsystems at path /Applications/Unity/Hub/Editor/6000.0.41f1/Unity.app/Contents/Resources/UnitySubsystems
[Subsystems] Discovering subsystems at path /Users/gimsechan/Desktop/kimunity/SW-EducationFestival/Assets
GfxDevice: creating device client; kGfxThreadingModeNonThreaded
 preferred device: Apple M4 (high power)
Metal devices available: 1
0: Apple M4 (high power)
Using device Apple M4 (high power)
Initializing Metal device caps: Apple M4
Initialize mono
Mono path[0] = '/Applications/Unity/Hub/Editor/6000.0.41f1/Unity.app/Contents/Managed'
Mono path[1] = '/Applications/Unity/Hub/Editor/6000.0.41f1/Unity.app/Contents/MonoBleedingEdge/lib/mono/unityjit-macos'
Mono config path = '/Applications/Unity/Hub/Editor/6000.0.41f1/Unity.app/Contents/MonoBleedingEdge/etc'
Using monoOptions --debugger-agent=transport=dt_socket,embedding=1,server=y,suspend=n,address=127.0.0.1:56345
Begin MonoManager ReloadAssembly
Registering precompiled unity dll's ...
Register platform support module: /Applications/Unity/Hub/Editor/6000.0.41f1/PlaybackEngines/WebGLSupport/UnityEditor.WebGL.Extensions.dll
Register platform support module: /Applications/Unity/Hub/Editor/6000.0.41f1/Unity.app/Contents/PlaybackEngines/MacStandaloneSupport/UnityEditor.OSXStandalone.Extensions.dll
Register platform support module: /Applications/Unity/Hub/Editor/6000.0.41f1/PlaybackEngines/WindowsStandaloneSupport/UnityEditor.WindowsStandalone.Extensions.dll
Registered in 0.003958 seconds.
- Loaded All Assemblies, in  0.235 seconds
Native extension for WindowsStandalone target not found
Native extension for OSXStandalone target not found
Native extension for WebGL target not found
Mono: successfully reloaded assembly
- Finished resetting the current domain, in  0.212 seconds
Domain Reload Profiling: 448ms
	BeginReloadAssembly (89ms)
		ExecutionOrderSort (0ms)
		DisableScriptedObjects (0ms)
		BackupInstance (0ms)
		ReleaseScriptingObjects (0ms)
		CreateAndSetChildDomain (0ms)
	RebuildCommonClasses (19ms)
	RebuildNativeTypeToScriptingClass (6ms)
	initialDomainReloadingComplete (34ms)
	LoadAllAssembliesAndSetupDomain (87ms)
		LoadAssemblies (90ms)
		RebuildTransferFunctionScriptingTraits (0ms)
		AnalyzeDomain (85ms)
			TypeCache.Refresh (84ms)
				TypeCache.ScanAssembly (75ms)
			BuildScriptInfoCaches (0ms)
			ResolveRequiredComponents (0ms)
	FinalizeReload (212ms)
		ReleaseScriptCaches (0ms)
		RebuildScriptCaches (0ms)
		SetupLoadedEditorAssemblies (187ms)
			LogAssemblyErrors (0ms)
			InitializePlatformSupportModulesInManaged (44ms)
			SetLoadedEditorAssemblies (2ms)
			BeforeProcessingInitializeOnLoad (29ms)
			ProcessInitializeOnLoadAttributes (70ms)
			ProcessInitializeOnLoadMethodAttributes (41ms)
			AfterProcessingInitializeOnLoad (0ms)
			EditorAssembliesLoaded (0ms)
		ExecutionOrderSort2 (0ms)
		AwakeInstancesAfterBackupRestoration (0ms)
========================================================================
Worker process is ready to serve import requests
Import Worker Mode flag is 0x00
Begin MonoManager ReloadAssembly
- Loaded All Assemblies, in  0.553 seconds
Script 'Animation' has the same name as built-in Unity component.
AddComponent and GetComponent will not work with this script.
Refreshing native plugins compatible for Editor in 0.72 ms, found 4 plugins.
Native extension for WindowsStandalone target not found
Native extension for OSXStandalone target not found
Native extension for WebGL target not found
Refreshing native plugins compatible for Editor in 0.72 ms, found 4 plugins.
Mono: successfully reloaded assembly
- Finished resetting the current domain, in  0.664 seconds
Domain Reload Profiling: 1216ms
	BeginReloadAssembly (66ms)
		ExecutionOrderSort (0ms)
		DisableScriptedObjects (3ms)
		BackupInstance (0ms)
		ReleaseScriptingObjects (0ms)
		CreateAndSetChildDomain (15ms)
	RebuildCommonClasses (18ms)
	RebuildNativeTypeToScriptingClass (7ms)
	initialDomainReloadingComplete (18ms)
	LoadAllAssembliesAndSetupDomain (443ms)
		LoadAssemblies (282ms)
		RebuildTransferFunctionScriptingTraits (0ms)
		AnalyzeDomain (195ms)
			TypeCache.Refresh (154ms)
				TypeCache.ScanAssembly (140ms)
			BuildScriptInfoCaches (31ms)
			ResolveRequiredComponents (7ms)
	FinalizeReload (664ms)
		ReleaseScriptCaches (0ms)
		RebuildScriptCaches (0ms)
		SetupLoadedEditorAssemblies (560ms)
			LogAssemblyErrors (0ms)
			InitializePlatformSupportModulesInManaged (7ms)
			SetLoadedEditorAssemblies (2ms)
			BeforeProcessingInitializeOnLoad (81ms)
			ProcessInitializeOnLoadAttributes (382ms)
			ProcessInitializeOnLoadMethodAttributes (86ms)
			AfterProcessingInitializeOnLoad (1ms)
			EditorAssembliesLoaded (0ms)
		ExecutionOrderSort2 (0ms)
		AwakeInstancesAfterBackupRestoration (2ms)
Launching external process: /Applications/Unity/Hub/Editor/6000.0.41f1/Unity.app/Contents/Tools/UnityShaderCompiler
Launched and connected shader compiler UnityShaderCompiler after 0.21 seconds
Refreshing native plugins compatible for Editor in 0.86 ms, found 4 plugins.
Preloading 0 native plugins for Editor in 0.00 ms.
Unloading 221 Unused Serialized files (Serialized files now loaded: 0)
Unloading 6949 unused Assets / (3.5 MB). Loaded Objects now: 7669.
Memory consumption went from 181.1 MB to 177.6 MB.
Total: 7.079000 ms (FindLiveObjects: 0.388125 ms CreateObjectMapping: 0.160125 ms MarkObjects: 5.242958 ms  DeleteObjects: 1.287250 ms)

========================================================================
Received Import Request.
  Time since last request: 1240287.317115 seconds.
  path: Assets/kimsechan/Scenes/Chap_4.unity
  artifactKey: Guid(171eb83d5c5fb480483cab160c3e746d) Importer(815301076,1909f56bfc062723c751e8b465ee728b)
Start importing Assets/kimsechan/Scenes/Chap_4.unity using Guid(171eb83d5c5fb480483cab160c3e746d) Importer(815301076,1909f56bfc062723c751e8b465ee728b) (PreviewImporter) -> (artifact id: 'ae6b704636633b9606a5e8d15df3caeb') in 0.003418875 seconds
Number of updated asset objects reloaded before import = 0Number of asset objects unloaded after import = 0

========================================================================
Received Import Request.
  Time since last request: 8993.894437 seconds.
  path: Assets/shinjihwan/Scenes/SampleScene.unity
  artifactKey: Guid(8c9cfa26abfee488c85f1582747f6a02) Importer(815301076,1909f56bfc062723c751e8b465ee728b)
Start importing Assets/shinjihwan/Scenes/SampleScene.unity using Guid(8c9cfa26abfee488c85f1582747f6a02) Importer(815301076,1909f56bfc062723c751e8b465ee728b) (PreviewImporter) -> (artifact id: '25944f28e5974ca3035ebe3e776a2393') in 0.040172459 seconds
Number of updated asset objects reloaded before import = 0Number of asset objects unloaded after import = 0

========================================================================
Received Import Request.
  Time since last request: 4217.402399 seconds.
  path: Assets/sound
  artifactKey: Guid(f9de35eb2168642f59a48e15e90156e9) Importer(815301076,1909f56bfc062723c751e8b465ee728b)
Start importing Assets/sound using Guid(f9de35eb2168642f59a48e15e90156e9) Importer(815301076,1909f56bfc062723c751e8b465ee728b) (PreviewImporter) -> (artifact id: 'ac3e7335e48f5231df288c64e835ab33') in 0.007596458 seconds
Number of updated asset objects reloaded before import = 0Number of asset objects unloaded after import = 0

========================================================================
Received Import Request.
  Time since last request: 93.535415 seconds.
  path: Assets/sound/Archer.png
  artifactKey: Guid(37accfa9cfe1d4a71aa5a66cb0758338) Importer(815301076,1909f56bfc062723c751e8b465ee728b)
Start importing Assets/sound/Archer.png using Guid(37accfa9cfe1d4a71aa5a66cb0758338) Importer(815301076,1909f56bfc062723c751e8b465ee728b) (PreviewImporter) -> (artifact id: '28ff1103b075ee270c5fdb604d28bd43') in 0.748337667 seconds
Number of updated asset objects reloaded before import = 0Number of asset objects unloaded after import = 3

========================================================================
Received Import Request.
  Time since last request: 151.466197 seconds.
  path: Assets/sound/Tire.mp3
  artifactKey: Guid(f74f8f5f16f1a44d695b34ea24cd2f1e) Importer(815301076,1909f56bfc062723c751e8b465ee728b)
Start importing Assets/sound/Tire.mp3 using Guid(f74f8f5f16f1a44d695b34ea24cd2f1e) Importer(815301076,1909f56bfc062723c751e8b465ee728b) (PreviewImporter) -> (artifact id: '853bd4ad9bc17e5095c4a89db5061f78') in 0.325012833 seconds
Number of updated asset objects reloaded before import = 0Number of asset objects unloaded after import = 2

========================================================================
Received Import Request.
  Time since last request: 0.669309 seconds.
  path: Assets/sound/ArrowAttack.mp3
  artifactKey: Guid(65d08d5f2452845c7a8353c59841d8b8) Importer(815301076,1909f56bfc062723c751e8b465ee728b)
Start importing Assets/sound/ArrowAttack.mp3 using Guid(65d08d5f2452845c7a8353c59841d8b8) Importer(815301076,1909f56bfc062723c751e8b465ee728b) (PreviewImporter) -> (artifact id: '068b7edec815a8c0cf0d7b7c44669836') in 0.004798125 seconds
Number of updated asset objects reloaded before import = 0Number of asset objects unloaded after import = 2

========================================================================
Received Import Request.
  Time since last request: 1.198730 seconds.
  path: Assets/sound/Aattack2.mp3
  artifactKey: Guid(cf6cbc0097fe0470180383f231af1686) Importer(815301076,1909f56bfc062723c751e8b465ee728b)
Start importing Assets/sound/Aattack2.mp3 using Guid(cf6cbc0097fe0470180383f231af1686) Importer(815301076,1909f56bfc062723c751e8b465ee728b) (PreviewImporter) -> (artifact id: 'f55ca9b44f2230eca60864dd035bf8d1') in 0.019638875 seconds
Number of updated asset objects reloaded before import = 0Number of asset objects unloaded after import = 2

========================================================================
Received Import Request.
  Time since last request: 0.671592 seconds.
  path: Assets/sound/Attack2.mp3
  artifactKey: Guid(57d9bb4f0e02f4429bd2bc363278fd21) Importer(815301076,1909f56bfc062723c751e8b465ee728b)
Start importing Assets/sound/Attack2.mp3 using Guid(57d9bb4f0e02f4429bd2bc363278fd21) Importer(815301076,1909f56bfc062723c751e8b465ee728b) (PreviewImporter) -> (artifact id: 'd86c9f09bb6ec73f0c761f3defadc304') in 0.006512458 seconds
Number of updated asset objects reloaded before import = 0Number of asset objects unloaded after import = 2

========================================================================
Received Import Request.
  Time since last request: 0.838615 seconds.
  path: Assets/sound/Attack3.mp3
  artifactKey: Guid(f68cca6faedbe4a2588dfd87a5599b36) Importer(815301076,1909f56bfc062723c751e8b465ee728b)
Start importing Assets/sound/Attack3.mp3 using Guid(f68cca6faedbe4a2588dfd87a5599b36) Importer(815301076,1909f56bfc062723c751e8b465ee728b) (PreviewImporter) -> (artifact id: '90571ad9dfb57a104c4fa0f50c12f3e0') in 0.005682417 seconds
Number of updated asset objects reloaded before import = 0Number of asset objects unloaded after import = 2

========================================================================
Received Import Request.
  Time since last request: 1.096375 seconds.
  path: Assets/sound/Bird.mp3
  artifactKey: Guid(fb88b514449884db585f41dfa6c5086a) Importer(815301076,1909f56bfc062723c751e8b465ee728b)
Start importing Assets/sound/Bird.mp3 using Guid(fb88b514449884db585f41dfa6c5086a) Importer(815301076,1909f56bfc062723c751e8b465ee728b) (PreviewImporter) -> (artifact id: '0b98659589d7e7e95cd95db170c1d670') in 0.004593708 seconds
Number of updated asset objects reloaded before import = 0Number of asset objects unloaded after import = 2

========================================================================
Received Import Request.
  Time since last request: 1.221415 seconds.
  path: Assets/sound/Dragon.mp3
  artifactKey: Guid(382346e3675bf4ca9a5073c7426f6a63) Importer(815301076,1909f56bfc062723c751e8b465ee728b)
Start importing Assets/sound/Dragon.mp3 using Guid(382346e3675bf4ca9a5073c7426f6a63) Importer(815301076,1909f56bfc062723c751e8b465ee728b) (PreviewImporter) -> (artifact id: '51e43a8811e9f2303add656967199c19') in 0.01059475 seconds
Number of updated asset objects reloaded before import = 0Number of asset objects unloaded after import = 2

========================================================================
Received Import Request.
  Time since last request: 0.748891 seconds.
  path: Assets/sound/Dragon 1.mp3
  artifactKey: Guid(1622490886253456888a6db91b0d368e) Importer(815301076,1909f56bfc062723c751e8b465ee728b)
Start importing Assets/sound/Dragon 1.mp3 using Guid(1622490886253456888a6db91b0d368e) Importer(815301076,1909f56bfc062723c751e8b465ee728b) (PreviewImporter) -> (artifact id: '0d615e1635267330b02467a7cb20c9c3') in 0.006206 seconds
Number of updated asset objects reloaded before import = 0Number of asset objects unloaded after import = 2

========================================================================
Received Import Request.
  Time since last request: 0.794774 seconds.
  path: Assets/sound/fire.mp3
  artifactKey: Guid(9d2f20724087e44ae8fedbeb2ca7b964) Importer(815301076,1909f56bfc062723c751e8b465ee728b)
Start importing Assets/sound/fire.mp3 using Guid(9d2f20724087e44ae8fedbeb2ca7b964) Importer(815301076,1909f56bfc062723c751e8b465ee728b) (PreviewImporter) -> (artifact id: 'a7b500f6c5b8b1d199076ac8c2215a5a') in 0.0042925 seconds
Number of updated asset objects reloaded before import = 0Number of asset objects unloaded after import = 2

========================================================================
Received Import Request.
  Time since last request: 5.978970 seconds.
  path: Assets/sound/SAttack3.mp3
  artifactKey: Guid(13f34a0eb30df49c797cafad2132607e) Importer(815301076,1909f56bfc062723c751e8b465ee728b)
Start importing Assets/sound/SAttack3.mp3 using Guid(13f34a0eb30df49c797cafad2132607e) Importer(815301076,1909f56bfc062723c751e8b465ee728b) (PreviewImporter) -> (artifact id: '12f03de0b664def5327a2813d8b0861a') in 0.038144958 seconds
Number of updated asset objects reloaded before import = 0Number of asset objects unloaded after import = 2

========================================================================
Received Import Request.
  Time since last request: 1.608779 seconds.
  path: Assets/sound/M.mp3
  artifactKey: Guid(8ea7f4f0af83a49b8bc64dd88fb1806f) Importer(815301076,1909f56bfc062723c751e8b465ee728b)
Start importing Assets/sound/M.mp3 using Guid(8ea7f4f0af83a49b8bc64dd88fb1806f) Importer(815301076,1909f56bfc062723c751e8b465ee728b) (PreviewImporter) -> (artifact id: '48eaa8d5e1ad09731a6e85c853450e9e') in 0.012945666 seconds
Number of updated asset objects reloaded before import = 0Number of asset objects unloaded after import = 2

========================================================================
Received Import Request.
  Time since last request: 44.617649 seconds.
  path: Assets/sound/Attack.mp3
  artifactKey: Guid(1130f15d8f298457387ab75c231a717e) Importer(815301076,1909f56bfc062723c751e8b465ee728b)
Start importing Assets/sound/Attack.mp3 using Guid(1130f15d8f298457387ab75c231a717e) Importer(815301076,1909f56bfc062723c751e8b465ee728b) (PreviewImporter) -> (artifact id: '11437cbb37029e517223f3a608c27737') in 0.037057833 seconds
Number of updated asset objects reloaded before import = 0Number of asset objects unloaded after import = 2

========================================================================
Received Import Request.
  Time since last request: 48.641294 seconds.
  path: Assets/shinjihwan/Scenes/SampleScene.unity
  artifactKey: Guid(8c9cfa26abfee488c85f1582747f6a02) Importer(815301076,1909f56bfc062723c751e8b465ee728b)
Start importing Assets/shinjihwan/Scenes/SampleScene.unity using Guid(8c9cfa26abfee488c85f1582747f6a02) Importer(815301076,1909f56bfc062723c751e8b465ee728b) (PreviewImporter) -> (artifact id: 'b25b541f083a909db839233dd2abfa09') in 0.009467416 seconds
Number of updated asset objects reloaded before import = 0Number of asset objects unloaded after import = 0

========================================================================
Received Prepare
Script 'Animation' has the same name as built-in Unity component.
AddComponent and GetComponent will not work with this script.
Refreshing native plugins compatible for Editor in 1.17 ms, found 4 plugins.
Preloading 0 native plugins for Editor in 0.00 ms.
Unloading 14 Unused Serialized files (Serialized files now loaded: 0)
Unloading 6928 unused Assets / (2.3 MB). Loaded Objects now: 7685.
Memory consumption went from 144.5 MB to 142.2 MB.
Total: 41.383333 ms (FindLiveObjects: 0.948459 ms CreateObjectMapping: 0.152000 ms MarkObjects: 38.473792 ms  DeleteObjects: 1.808417 ms)

Prepare: number of updated asset objects reloaded= 0
========================================================================
Received Prepare
Begin MonoManager ReloadAssembly
Thread 0x307787000 may have been prematurely finalized
- Loaded All Assemblies, in  1.266 seconds
Script 'Animation' has the same name as built-in Unity component.
AddComponent and GetComponent will not work with this script.
Refreshing native plugins compatible for Editor in 0.56 ms, found 4 plugins.
Native extension for WindowsStandalone target not found
Native extension for OSXStandalone target not found
Native extension for WebGL target not found
Refreshing native plugins compatible for Editor in 0.74 ms, found 4 plugins.
Mono: successfully reloaded assembly
- Finished resetting the current domain, in  0.525 seconds
Domain Reload Profiling: 1794ms
	BeginReloadAssembly (468ms)
		ExecutionOrderSort (0ms)
		DisableScriptedObjects (99ms)
		BackupInstance (0ms)
		ReleaseScriptingObjects (0ms)
		CreateAndSetChildDomain (131ms)
	RebuildCommonClasses (19ms)
	RebuildNativeTypeToScriptingClass (7ms)
	initialDomainReloadingComplete (31ms)
	LoadAllAssembliesAndSetupDomain (743ms)
		LoadAssemblies (681ms)
		RebuildTransferFunctionScriptingTraits (0ms)
		AnalyzeDomain (184ms)
			TypeCache.Refresh (49ms)
				TypeCache.ScanAssembly (1ms)
			BuildScriptInfoCaches (119ms)
			ResolveRequiredComponents (8ms)
	FinalizeReload (526ms)
		ReleaseScriptCaches (0ms)
		RebuildScriptCaches (0ms)
		SetupLoadedEditorAssemblies (369ms)
			LogAssemblyErrors (0ms)
			InitializePlatformSupportModulesInManaged (19ms)
			SetLoadedEditorAssemblies (2ms)
			BeforeProcessingInitializeOnLoad (71ms)
			ProcessInitializeOnLoadAttributes (232ms)
			ProcessInitializeOnLoadMethodAttributes (45ms)
			AfterProcessingInitializeOnLoad (1ms)
			EditorAssembliesLoaded (0ms)
		ExecutionOrderSort2 (0ms)
		AwakeInstancesAfterBackupRestoration (5ms)
Refreshing native plugins compatible for Editor in 0.72 ms, found 4 plugins.
Preloading 0 native plugins for Editor in 0.00 ms.
Unloading 14 Unused Serialized files (Serialized files now loaded: 0)
Unloading 6947 unused Assets / (2.9 MB). Loaded Objects now: 7687.
Memory consumption went from 154.8 MB to 152.0 MB.
Total: 8.884000 ms (FindLiveObjects: 0.363500 ms CreateObjectMapping: 0.129291 ms MarkObjects: 7.305834 ms  DeleteObjects: 1.084750 ms)

Prepare: number of updated asset objects reloaded= 0
========================================================================
Received Prepare
Script 'Animation' has the same name as built-in Unity component.
AddComponent and GetComponent will not work with this script.
Refreshing native plugins compatible for Editor in 0.83 ms, found 4 plugins.
Preloading 0 native plugins for Editor in 0.00 ms.
Unloading 14 Unused Serialized files (Serialized files now loaded: 0)
Unloading 6928 unused Assets / (3.2 MB). Loaded Objects now: 7687.
Memory consumption went from 147.6 MB to 144.4 MB.
Total: 26.282584 ms (FindLiveObjects: 1.161375 ms CreateObjectMapping: 0.147834 ms MarkObjects: 23.832083 ms  DeleteObjects: 1.141167 ms)

Prepare: number of updated asset objects reloaded= 0
========================================================================
Received Prepare
Script 'Animation' has the same name as built-in Unity component.
AddComponent and GetComponent will not work with this script.
Refreshing native plugins compatible for Editor in 0.73 ms, found 4 plugins.
Preloading 0 native plugins for Editor in 0.00 ms.
Unloading 14 Unused Serialized files (Serialized files now loaded: 0)
Unloading 6928 unused Assets / (2.4 MB). Loaded Objects now: 7687.
Memory consumption went from 147.6 MB to 145.3 MB.
Total: 22.294042 ms (FindLiveObjects: 0.418375 ms CreateObjectMapping: 0.151791 ms MarkObjects: 20.729625 ms  DeleteObjects: 0.994000 ms)

Prepare: number of updated asset objects reloaded= 0
========================================================================
Received Prepare
Begin MonoManager ReloadAssembly
Thread 0x171723000 may have been prematurely finalized
- Loaded All Assemblies, in  0.663 seconds
Script 'Animation' has the same name as built-in Unity component.
AddComponent and GetComponent will not work with this script.
Refreshing native plugins compatible for Editor in 0.59 ms, found 4 plugins.
Native extension for WindowsStandalone target not found
Native extension for OSXStandalone target not found
Native extension for WebGL target not found
Refreshing native plugins compatible for Editor in 0.82 ms, found 4 plugins.
Mono: successfully reloaded assembly
- Finished resetting the current domain, in  0.444 seconds
Domain Reload Profiling: 1110ms
	BeginReloadAssembly (176ms)
		ExecutionOrderSort (0ms)
		DisableScriptedObjects (17ms)
		BackupInstance (0ms)
		ReleaseScriptingObjects (0ms)
		CreateAndSetChildDomain (87ms)
	RebuildCommonClasses (21ms)
	RebuildNativeTypeToScriptingClass (7ms)
	initialDomainReloadingComplete (29ms)
	LoadAllAssembliesAndSetupDomain (433ms)
		LoadAssemblies (291ms)
		RebuildTransferFunctionScriptingTraits (0ms)
		AnalyzeDomain (172ms)
			TypeCache.Refresh (24ms)
				TypeCache.ScanAssembly (3ms)
			BuildScriptInfoCaches (134ms)
			ResolveRequiredComponents (11ms)
	FinalizeReload (445ms)
		ReleaseScriptCaches (0ms)
		RebuildScriptCaches (0ms)
		SetupLoadedEditorAssemblies (301ms)
			LogAssemblyErrors (0ms)
			InitializePlatformSupportModulesInManaged (6ms)
			SetLoadedEditorAssemblies (2ms)
			BeforeProcessingInitializeOnLoad (63ms)
			ProcessInitializeOnLoadAttributes (200ms)
			ProcessInitializeOnLoadMethodAttributes (29ms)
			AfterProcessingInitializeOnLoad (1ms)
			EditorAssembliesLoaded (0ms)
		ExecutionOrderSort2 (0ms)
		AwakeInstancesAfterBackupRestoration (4ms)
Refreshing native plugins compatible for Editor in 0.64 ms, found 4 plugins.
Preloading 0 native plugins for Editor in 0.00 ms.
Unloading 14 Unused Serialized files (Serialized files now loaded: 0)
Unloading 6947 unused Assets / (3.8 MB). Loaded Objects now: 7689.
Memory consumption went from 154.8 MB to 151.0 MB.
Total: 5.778000 ms (FindLiveObjects: 0.266208 ms CreateObjectMapping: 0.170375 ms MarkObjects: 4.459208 ms  DeleteObjects: 0.881792 ms)

Prepare: number of updated asset objects reloaded= 0
========================================================================
Received Prepare
Script 'Animation' has the same name as built-in Unity component.
AddComponent and GetComponent will not work with this script.
Refreshing native plugins compatible for Editor in 0.73 ms, found 4 plugins.
Preloading 0 native plugins for Editor in 0.00 ms.
Unloading 14 Unused Serialized files (Serialized files now loaded: 0)
Unloading 6928 unused Assets / (3.5 MB). Loaded Objects now: 7689.
Memory consumption went from 147.6 MB to 144.1 MB.
Total: 18.325459 ms (FindLiveObjects: 0.379458 ms CreateObjectMapping: 0.135583 ms MarkObjects: 16.772958 ms  DeleteObjects: 1.036875 ms)

Prepare: number of updated asset objects reloaded= 0
========================================================================
Received Prepare
Script 'Animation' has the same name as built-in Unity component.
AddComponent and GetComponent will not work with this script.
Refreshing native plugins compatible for Editor in 0.91 ms, found 4 plugins.
Preloading 0 native plugins for Editor in 0.00 ms.
Unloading 14 Unused Serialized files (Serialized files now loaded: 0)
Unloading 6928 unused Assets / (2.9 MB). Loaded Objects now: 7689.
Memory consumption went from 147.7 MB to 144.8 MB.
Total: 23.097167 ms (FindLiveObjects: 0.563625 ms CreateObjectMapping: 0.138208 ms MarkObjects: 21.195333 ms  DeleteObjects: 1.199875 ms)

Prepare: number of updated asset objects reloaded= 0
========================================================================
Received Prepare
Script 'Animation' has the same name as built-in Unity component.
AddComponent and GetComponent will not work with this script.
Refreshing native plugins compatible for Editor in 0.91 ms, found 4 plugins.
Preloading 0 native plugins for Editor in 0.00 ms.
Unloading 14 Unused Serialized files (Serialized files now loaded: 0)
Unloading 6928 unused Assets / (2.3 MB). Loaded Objects now: 7689.
Memory consumption went from 147.7 MB to 145.3 MB.
Total: 21.801625 ms (FindLiveObjects: 0.371375 ms CreateObjectMapping: 0.126167 ms MarkObjects: 20.345875 ms  DeleteObjects: 0.957542 ms)

Prepare: number of updated asset objects reloaded= 0
========================================================================
Received Prepare
Script 'Animation' has the same name as built-in Unity component.
AddComponent and GetComponent will not work with this script.
Refreshing native plugins compatible for Editor in 0.65 ms, found 4 plugins.
Preloading 0 native plugins for Editor in 0.00 ms.
Unloading 14 Unused Serialized files (Serialized files now loaded: 0)
Unloading 6928 unused Assets / (3.3 MB). Loaded Objects now: 7689.
Memory consumption went from 147.7 MB to 144.4 MB.
Total: 23.911750 ms (FindLiveObjects: 0.359625 ms CreateObjectMapping: 0.109625 ms MarkObjects: 22.444042 ms  DeleteObjects: 0.998250 ms)

Prepare: number of updated asset objects reloaded= 0
========================================================================
Received Prepare
Begin MonoManager ReloadAssembly
Thread 0x171723000 may have been prematurely finalized
- Loaded All Assemblies, in  0.630 seconds
Script 'Animation' has the same name as built-in Unity component.
AddComponent and GetComponent will not work with this script.
Refreshing native plugins compatible for Editor in 1.00 ms, found 4 plugins.
Native extension for WindowsStandalone target not found
Native extension for OSXStandalone target not found
Native extension for WebGL target not found
Refreshing native plugins compatible for Editor in 0.76 ms, found 4 plugins.
Mono: successfully reloaded assembly
- Finished resetting the current domain, in  0.613 seconds
Domain Reload Profiling: 1246ms
	BeginReloadAssembly (152ms)
		ExecutionOrderSort (0ms)
		DisableScriptedObjects (23ms)
		BackupInstance (0ms)
		ReleaseScriptingObjects (0ms)
		CreateAndSetChildDomain (60ms)
	RebuildCommonClasses (19ms)
	RebuildNativeTypeToScriptingClass (8ms)
	initialDomainReloadingComplete (34ms)
	LoadAllAssembliesAndSetupDomain (419ms)
		LoadAssemblies (319ms)
		RebuildTransferFunctionScriptingTraits (0ms)
		AnalyzeDomain (136ms)
			TypeCache.Refresh (16ms)
				TypeCache.ScanAssembly (1ms)
			BuildScriptInfoCaches (111ms)
			ResolveRequiredComponents (6ms)
	FinalizeReload (614ms)
		ReleaseScriptCaches (0ms)
		RebuildScriptCaches (0ms)
		SetupLoadedEditorAssemblies (414ms)
			LogAssemblyErrors (0ms)
			InitializePlatformSupportModulesInManaged (16ms)
			SetLoadedEditorAssemblies (2ms)
			BeforeProcessingInitializeOnLoad (98ms)
			ProcessInitializeOnLoadAttributes (264ms)
			ProcessInitializeOnLoadMethodAttributes (34ms)
			AfterProcessingInitializeOnLoad (1ms)
			EditorAssembliesLoaded (0ms)
		ExecutionOrderSort2 (0ms)
		AwakeInstancesAfterBackupRestoration (4ms)
Refreshing native plugins compatible for Editor in 0.87 ms, found 4 plugins.
Preloading 0 native plugins for Editor in 0.00 ms.
Unloading 14 Unused Serialized files (Serialized files now loaded: 0)
Unloading 6947 unused Assets / (3.8 MB). Loaded Objects now: 7691.
Memory consumption went from 154.8 MB to 151.0 MB.
Total: 6.488583 ms (FindLiveObjects: 0.391541 ms CreateObjectMapping: 0.300667 ms MarkObjects: 4.808250 ms  DeleteObjects: 0.987209 ms)

Prepare: number of updated asset objects reloaded= 0
========================================================================
Received Prepare
Script 'Animation' has the same name as built-in Unity component.
AddComponent and GetComponent will not work with this script.
Refreshing native plugins compatible for Editor in 0.85 ms, found 4 plugins.
Preloading 0 native plugins for Editor in 0.00 ms.
Unloading 14 Unused Serialized files (Serialized files now loaded: 0)
Unloading 6928 unused Assets / (2.9 MB). Loaded Objects now: 7691.
Memory consumption went from 147.7 MB to 144.7 MB.
Total: 36.536250 ms (FindLiveObjects: 0.365458 ms CreateObjectMapping: 0.126750 ms MarkObjects: 34.776875 ms  DeleteObjects: 1.266875 ms)

Prepare: number of updated asset objects reloaded= 0
========================================================================
Received Prepare
Begin MonoManager ReloadAssembly
Thread 0x171723000 may have been prematurely finalized
- Loaded All Assemblies, in  0.747 seconds
Script 'Animation' has the same name as built-in Unity component.
AddComponent and GetComponent will not work with this script.
Refreshing native plugins compatible for Editor in 0.81 ms, found 4 plugins.
Native extension for WindowsStandalone target not found
Native extension for OSXStandalone target not found
Native extension for WebGL target not found
Refreshing native plugins compatible for Editor in 0.65 ms, found 4 plugins.
Mono: successfully reloaded assembly
- Finished resetting the current domain, in  0.461 seconds
Domain Reload Profiling: 1211ms
	BeginReloadAssembly (167ms)
		ExecutionOrderSort (0ms)
		DisableScriptedObjects (18ms)
		BackupInstance (0ms)
		ReleaseScriptingObjects (0ms)
		CreateAndSetChildDomain (62ms)
	RebuildCommonClasses (28ms)
	RebuildNativeTypeToScriptingClass (10ms)
	initialDomainReloadingComplete (48ms)
	LoadAllAssembliesAndSetupDomain (497ms)
		LoadAssemblies (367ms)
		RebuildTransferFunctionScriptingTraits (0ms)
		AnalyzeDomain (172ms)
			TypeCache.Refresh (31ms)
				TypeCache.ScanAssembly (2ms)
			BuildScriptInfoCaches (132ms)
			ResolveRequiredComponents (6ms)
	FinalizeReload (461ms)
		ReleaseScriptCaches (0ms)
		RebuildScriptCaches (0ms)
		SetupLoadedEditorAssemblies (336ms)
			LogAssemblyErrors (0ms)
			InitializePlatformSupportModulesInManaged (11ms)
			SetLoadedEditorAssemblies (2ms)
			BeforeProcessingInitializeOnLoad (78ms)
			ProcessInitializeOnLoadAttributes (211ms)
			ProcessInitializeOnLoadMethodAttributes (34ms)
			AfterProcessingInitializeOnLoad (1ms)
			EditorAssembliesLoaded (0ms)
		ExecutionOrderSort2 (0ms)
		AwakeInstancesAfterBackupRestoration (4ms)
Refreshing native plugins compatible for Editor in 0.64 ms, found 4 plugins.
Preloading 0 native plugins for Editor in 0.00 ms.
Unloading 14 Unused Serialized files (Serialized files now loaded: 0)
Unloading 6947 unused Assets / (3.1 MB). Loaded Objects now: 7693.
Memory consumption went from 154.8 MB to 151.7 MB.
Total: 8.321292 ms (FindLiveObjects: 0.326000 ms CreateObjectMapping: 0.129041 ms MarkObjects: 6.850125 ms  DeleteObjects: 1.015792 ms)

Prepare: number of updated asset objects reloaded= 0
========================================================================
Received Prepare
Script 'Animation' has the same name as built-in Unity component.
AddComponent and GetComponent will not work with this script.
Refreshing native plugins compatible for Editor in 0.84 ms, found 4 plugins.
Preloading 0 native plugins for Editor in 0.00 ms.
Unloading 14 Unused Serialized files (Serialized files now loaded: 0)
Unloading 6928 unused Assets / (2.7 MB). Loaded Objects now: 7693.
Memory consumption went from 147.7 MB to 145.0 MB.
Total: 28.363583 ms (FindLiveObjects: 1.848292 ms CreateObjectMapping: 0.271791 ms MarkObjects: 25.154209 ms  DeleteObjects: 1.088791 ms)

Prepare: number of updated asset objects reloaded= 0
========================================================================
Received Prepare
Begin MonoManager ReloadAssembly
Thread 0x16deef000 may have been prematurely finalized
- Loaded All Assemblies, in  0.736 seconds
Script 'Animation' has the same name as built-in Unity component.
AddComponent and GetComponent will not work with this script.
Refreshing native plugins compatible for Editor in 1.10 ms, found 4 plugins.
Native extension for WindowsStandalone target not found
Native extension for OSXStandalone target not found
Native extension for WebGL target not found
Refreshing native plugins compatible for Editor in 0.73 ms, found 4 plugins.
Mono: successfully reloaded assembly
- Finished resetting the current domain, in  0.452 seconds
Domain Reload Profiling: 1193ms
	BeginReloadAssembly (174ms)
		ExecutionOrderSort (0ms)
		DisableScriptedObjects (13ms)
		BackupInstance (0ms)
		ReleaseScriptingObjects (0ms)
		CreateAndSetChildDomain (74ms)
	RebuildCommonClasses (20ms)
	RebuildNativeTypeToScriptingClass (9ms)
	initialDomainReloadingComplete (45ms)
	LoadAllAssembliesAndSetupDomain (491ms)
		LoadAssemblies (342ms)
		RebuildTransferFunctionScriptingTraits (0ms)
		AnalyzeDomain (185ms)
			TypeCache.Refresh (23ms)
				TypeCache.ScanAssembly (3ms)
			BuildScriptInfoCaches (143ms)
			ResolveRequiredComponents (15ms)
	FinalizeReload (452ms)
		ReleaseScriptCaches (0ms)
		RebuildScriptCaches (0ms)
		SetupLoadedEditorAssemblies (334ms)
			LogAssemblyErrors (0ms)
			InitializePlatformSupportModulesInManaged (10ms)
			SetLoadedEditorAssemblies (2ms)
			BeforeProcessingInitializeOnLoad (72ms)
			ProcessInitializeOnLoadAttributes (213ms)
			ProcessInitializeOnLoadMethodAttributes (36ms)
			AfterProcessingInitializeOnLoad (1ms)
			EditorAssembliesLoaded (0ms)
		ExecutionOrderSort2 (0ms)
		AwakeInstancesAfterBackupRestoration (5ms)
Refreshing native plugins compatible for Editor in 0.86 ms, found 4 plugins.
Preloading 0 native plugins for Editor in 0.00 ms.
Unloading 14 Unused Serialized files (Serialized files now loaded: 0)
Unloading 6947 unused Assets / (3.2 MB). Loaded Objects now: 7695.
Memory consumption went from 154.8 MB to 151.6 MB.
Total: 6.116791 ms (FindLiveObjects: 0.347917 ms CreateObjectMapping: 0.157583 ms MarkObjects: 4.593667 ms  DeleteObjects: 1.017459 ms)

Prepare: number of updated asset objects reloaded= 0
========================================================================
Received Prepare
Script 'Animation' has the same name as built-in Unity component.
AddComponent and GetComponent will not work with this script.
Refreshing native plugins compatible for Editor in 0.77 ms, found 4 plugins.
Preloading 0 native plugins for Editor in 0.00 ms.
Unloading 14 Unused Serialized files (Serialized files now loaded: 0)
Unloading 6928 unused Assets / (3.0 MB). Loaded Objects now: 7695.
Memory consumption went from 147.7 MB to 144.7 MB.
Total: 24.681125 ms (FindLiveObjects: 0.380125 ms CreateObjectMapping: 0.164458 ms MarkObjects: 22.913084 ms  DeleteObjects: 1.223125 ms)

Prepare: number of updated asset objects reloaded= 0
========================================================================
Received Prepare
Begin MonoManager ReloadAssembly
Thread 0x16deef000 may have been prematurely finalized
- Loaded All Assemblies, in  0.743 seconds
Script 'Animation' has the same name as built-in Unity component.
AddComponent and GetComponent will not work with this script.
Refreshing native plugins compatible for Editor in 0.66 ms, found 4 plugins.
Native extension for WindowsStandalone target not found
Native extension for OSXStandalone target not found
Native extension for WebGL target not found
Refreshing native plugins compatible for Editor in 0.72 ms, found 4 plugins.
Mono: successfully reloaded assembly
- Finished resetting the current domain, in  0.470 seconds
Domain Reload Profiling: 1217ms
	BeginReloadAssembly (257ms)
		ExecutionOrderSort (0ms)
		DisableScriptedObjects (31ms)
		BackupInstance (0ms)
		ReleaseScriptingObjects (1ms)
		CreateAndSetChildDomain (80ms)
	RebuildCommonClasses (20ms)
	RebuildNativeTypeToScriptingClass (7ms)
	initialDomainReloadingComplete (30ms)
	LoadAllAssembliesAndSetupDomain (433ms)
		LoadAssemblies (284ms)
		RebuildTransferFunctionScriptingTraits (0ms)
		AnalyzeDomain (195ms)
			TypeCache.Refresh (26ms)
				TypeCache.ScanAssembly (3ms)
			BuildScriptInfoCaches (146ms)
			ResolveRequiredComponents (21ms)
	FinalizeReload (470ms)
		ReleaseScriptCaches (0ms)
		RebuildScriptCaches (0ms)
		SetupLoadedEditorAssemblies (319ms)
			LogAssemblyErrors (0ms)
			InitializePlatformSupportModulesInManaged (8ms)
			SetLoadedEditorAssemblies (2ms)
			BeforeProcessingInitializeOnLoad (72ms)
			ProcessInitializeOnLoadAttributes (203ms)
			ProcessInitializeOnLoadMethodAttributes (32ms)
			AfterProcessingInitializeOnLoad (1ms)
			EditorAssembliesLoaded (0ms)
		ExecutionOrderSort2 (0ms)
		AwakeInstancesAfterBackupRestoration (6ms)
Refreshing native plugins compatible for Editor in 0.96 ms, found 4 plugins.
Preloading 0 native plugins for Editor in 0.00 ms.
Unloading 14 Unused Serialized files (Serialized files now loaded: 0)
Unloading 6947 unused Assets / (3.0 MB). Loaded Objects now: 7697.
Memory consumption went from 154.9 MB to 151.8 MB.
Total: 8.545417 ms (FindLiveObjects: 0.335292 ms CreateObjectMapping: 0.351166 ms MarkObjects: 6.751917 ms  DeleteObjects: 1.106792 ms)

Prepare: number of updated asset objects reloaded= 0
========================================================================
Received Prepare
Script 'Animation' has the same name as built-in Unity component.
AddComponent and GetComponent will not work with this script.
Refreshing native plugins compatible for Editor in 0.72 ms, found 4 plugins.
Preloading 0 native plugins for Editor in 0.00 ms.
Unloading 14 Unused Serialized files (Serialized files now loaded: 0)
Unloading 6928 unused Assets / (2.9 MB). Loaded Objects now: 7697.
Memory consumption went from 147.7 MB to 144.8 MB.
Total: 28.128125 ms (FindLiveObjects: 0.343000 ms CreateObjectMapping: 0.147875 ms MarkObjects: 26.510083 ms  DeleteObjects: 1.126917 ms)

Prepare: number of updated asset objects reloaded= 0
========================================================================
Received Prepare
Begin MonoManager ReloadAssembly
Thread 0x16deef000 may have been prematurely finalized
- Loaded All Assemblies, in  0.637 seconds
Script 'Animation' has the same name as built-in Unity component.
AddComponent and GetComponent will not work with this script.
Refreshing native plugins compatible for Editor in 0.66 ms, found 4 plugins.
Native extension for WindowsStandalone target not found
Native extension for OSXStandalone target not found
Native extension for WebGL target not found
Refreshing native plugins compatible for Editor in 0.74 ms, found 4 plugins.
Mono: successfully reloaded assembly
- Finished resetting the current domain, in  0.441 seconds
Domain Reload Profiling: 1082ms
	BeginReloadAssembly (237ms)
		ExecutionOrderSort (0ms)
		DisableScriptedObjects (23ms)
		BackupInstance (0ms)
		ReleaseScriptingObjects (0ms)
		CreateAndSetChildDomain (96ms)
	RebuildCommonClasses (18ms)
	RebuildNativeTypeToScriptingClass (7ms)
	initialDomainReloadingComplete (15ms)
	LoadAllAssembliesAndSetupDomain (362ms)
		LoadAssemblies (268ms)
		RebuildTransferFunctionScriptingTraits (0ms)
		AnalyzeDomain (150ms)
			TypeCache.Refresh (17ms)
				TypeCache.ScanAssembly (1ms)
			BuildScriptInfoCaches (124ms)
			ResolveRequiredComponents (7ms)
	FinalizeReload (443ms)
		ReleaseScriptCaches (0ms)
		RebuildScriptCaches (0ms)
		SetupLoadedEditorAssemblies (319ms)
			LogAssemblyErrors (0ms)
			InitializePlatformSupportModulesInManaged (6ms)
			SetLoadedEditorAssemblies (2ms)
			BeforeProcessingInitializeOnLoad (68ms)
			ProcessInitializeOnLoadAttributes (210ms)
			ProcessInitializeOnLoadMethodAttributes (32ms)
			AfterProcessingInitializeOnLoad (0ms)
			EditorAssembliesLoaded (0ms)
		ExecutionOrderSort2 (0ms)
		AwakeInstancesAfterBackupRestoration (5ms)
Refreshing native plugins compatible for Editor in 0.70 ms, found 4 plugins.
Preloading 0 native plugins for Editor in 0.00 ms.
Unloading 14 Unused Serialized files (Serialized files now loaded: 0)
Unloading 6947 unused Assets / (3.9 MB). Loaded Objects now: 7699.
Memory consumption went from 154.9 MB to 151.0 MB.
Total: 6.832625 ms (FindLiveObjects: 0.318417 ms CreateObjectMapping: 0.128083 ms MarkObjects: 4.969750 ms  DeleteObjects: 1.416084 ms)

Prepare: number of updated asset objects reloaded= 0
========================================================================
Received Import Request.
  Time since last request: 2214.061338 seconds.
  path: Assets/sound/awesomeness.wav
  artifactKey: Guid(dfff12f4575c641aba7853c83125e27c) Importer(815301076,1909f56bfc062723c751e8b465ee728b)
Start importing Assets/sound/awesomeness.wav using Guid(dfff12f4575c641aba7853c83125e27c) Importer(815301076,1909f56bfc062723c751e8b465ee728b) (PreviewImporter) -> (artifact id: '77ca359793231cf065bf94fb56769ea8') in 0.278574125 seconds
Number of updated asset objects reloaded before import = 0Number of asset objects unloaded after import = 2

